{"/Users/ishmenev/Desktop/JS_course/storybook/src/App.js": {"path":"/Users/ishmenev/Desktop/JS_course/storybook/src/App.js","statementMap":{"0":{"start":{"line":5,"column":2},"end":{"line":22,"column":4}}},"fnMap":{"0":{"name":"App","decl":{"start":{"line":4,"column":9},"end":{"line":4,"column":12}},"loc":{"start":{"line":4,"column":15},"end":{"line":23,"column":1}},"line":4}},"branchMap":{},"s":{"0":1},"f":{"0":1},"b":{},"_coverageSchema":"1a1c01bbd47fc00a2c39e90264f33305004495a9","hash":"10051b9fd91cf0253507b3cb0058527e64cf16c6"}
,"/Users/ishmenev/Desktop/JS_course/storybook/src/index.js": {"path":"/Users/ishmenev/Desktop/JS_course/storybook/src/index.js","statementMap":{"0":{"start":{"line":7,"column":13},"end":{"line":7,"column":65}},"1":{"start":{"line":8,"column":0},"end":{"line":12,"column":2}},"2":{"start":{"line":17,"column":0},"end":{"line":17,"column":18}}},"fnMap":{},"branchMap":{},"s":{"0":0,"1":0,"2":0},"f":{},"b":{}}
,"/Users/ishmenev/Desktop/JS_course/storybook/src/reportWebVitals.js": {"path":"/Users/ishmenev/Desktop/JS_course/storybook/src/reportWebVitals.js","statementMap":{"0":{"start":{"line":1,"column":24},"end":{"line":11,"column":1}},"1":{"start":{"line":2,"column":2},"end":{"line":10,"column":3}},"2":{"start":{"line":3,"column":4},"end":{"line":9,"column":7}},"3":{"start":{"line":4,"column":6},"end":{"line":4,"column":26}},"4":{"start":{"line":5,"column":6},"end":{"line":5,"column":26}},"5":{"start":{"line":6,"column":6},"end":{"line":6,"column":26}},"6":{"start":{"line":7,"column":6},"end":{"line":7,"column":26}},"7":{"start":{"line":8,"column":6},"end":{"line":8,"column":27}}},"fnMap":{"0":{"name":"(anonymous_0)","decl":{"start":{"line":1,"column":24},"end":{"line":1,"column":25}},"loc":{"start":{"line":1,"column":39},"end":{"line":11,"column":1}},"line":1},"1":{"name":"(anonymous_1)","decl":{"start":{"line":3,"column":30},"end":{"line":3,"column":31}},"loc":{"start":{"line":3,"column":79},"end":{"line":9,"column":5}},"line":3}},"branchMap":{"0":{"loc":{"start":{"line":2,"column":2},"end":{"line":10,"column":3}},"type":"if","locations":[{"start":{"line":2,"column":2},"end":{"line":10,"column":3}},{"start":{},"end":{}}],"line":2},"1":{"loc":{"start":{"line":2,"column":6},"end":{"line":2,"column":52}},"type":"binary-expr","locations":[{"start":{"line":2,"column":6},"end":{"line":2,"column":17}},{"start":{"line":2,"column":21},"end":{"line":2,"column":52}}],"line":2}},"s":{"0":0,"1":0,"2":0,"3":0,"4":0,"5":0,"6":0,"7":0},"f":{"0":0,"1":0},"b":{"0":[0,0],"1":[0,0]}}
,"/Users/ishmenev/Desktop/JS_course/storybook/src/components/Button/Button.jsx": {"path":"/Users/ishmenev/Desktop/JS_course/storybook/src/components/Button/Button.jsx","statementMap":{"0":{"start":{"line":8,"column":22},"end":{"line":28,"column":1}},"1":{"start":{"line":17,"column":15},"end":{"line":17,"column":84}},"2":{"start":{"line":18,"column":2},"end":{"line":27,"column":4}},"3":{"start":{"line":30,"column":0},"end":{"line":41,"column":2}}},"fnMap":{"0":{"name":"(anonymous_0)","decl":{"start":{"line":8,"column":22},"end":{"line":8,"column":23}},"loc":{"start":{"line":15,"column":21},"end":{"line":28,"column":1}},"line":15}},"branchMap":{"0":{"loc":{"start":{"line":10,"column":6},"end":{"line":10,"column":24}},"type":"default-arg","locations":[{"start":{"line":10,"column":14},"end":{"line":10,"column":24}}],"line":10},"1":{"loc":{"start":{"line":11,"column":6},"end":{"line":11,"column":28}},"type":"default-arg","locations":[{"start":{"line":11,"column":24},"end":{"line":11,"column":28}}],"line":11},"2":{"loc":{"start":{"line":12,"column":6},"end":{"line":12,"column":21}},"type":"default-arg","locations":[{"start":{"line":12,"column":16},"end":{"line":12,"column":21}}],"line":12},"3":{"loc":{"start":{"line":13,"column":6},"end":{"line":13,"column":21}},"type":"default-arg","locations":[{"start":{"line":13,"column":13},"end":{"line":13,"column":21}}],"line":13},"4":{"loc":{"start":{"line":14,"column":6},"end":{"line":14,"column":25}},"type":"default-arg","locations":[{"start":{"line":14,"column":16},"end":{"line":14,"column":25}}],"line":14},"5":{"loc":{"start":{"line":17,"column":15},"end":{"line":17,"column":84}},"type":"cond-expr","locations":[{"start":{"line":17,"column":25},"end":{"line":17,"column":52}},{"start":{"line":17,"column":55},"end":{"line":17,"column":84}}],"line":17},"6":{"loc":{"start":{"line":22,"column":13},"end":{"line":22,"column":51}},"type":"binary-expr","locations":[{"start":{"line":22,"column":13},"end":{"line":22,"column":28}},{"start":{"line":22,"column":32},"end":{"line":22,"column":51}}],"line":22}},"s":{"0":1,"1":2,"2":2,"3":1},"f":{"0":2},"b":{"0":[0],"1":[2],"2":[1],"3":[2],"4":[2],"5":[1,1],"6":[2,0]},"_coverageSchema":"1a1c01bbd47fc00a2c39e90264f33305004495a9","hash":"fa2cb3c085a691ade1d1bebe090ffd65e2f4c39f"}
,"/Users/ishmenev/Desktop/JS_course/storybook/src/components/Button/Button.stories.js": {"path":"/Users/ishmenev/Desktop/JS_course/storybook/src/components/Button/Button.stories.js","statementMap":{"0":{"start":{"line":10,"column":17},"end":{"line":10,"column":46}},"1":{"start":{"line":10,"column":27},"end":{"line":10,"column":46}},"2":{"start":{"line":12,"column":23},"end":{"line":12,"column":40}},"3":{"start":{"line":13,"column":0},"end":{"line":16,"column":2}},"4":{"start":{"line":18,"column":25},"end":{"line":18,"column":42}},"5":{"start":{"line":19,"column":0},"end":{"line":22,"column":2}}},"fnMap":{"0":{"name":"(anonymous_0)","decl":{"start":{"line":10,"column":17},"end":{"line":10,"column":18}},"loc":{"start":{"line":10,"column":27},"end":{"line":10,"column":46}},"line":10}},"branchMap":{},"s":{"0":1,"1":1,"2":1,"3":1,"4":1,"5":1},"f":{"0":1},"b":{},"_coverageSchema":"1a1c01bbd47fc00a2c39e90264f33305004495a9","hash":"55fc499324cde2c94d3f7c7eca106c9c152a3e07"}
}
